[debug] [2025-07-18T00:31:58.098Z] ----------------------------------------------------------------------
[debug] [2025-07-18T00:31:58.102Z] Command:       C:\Program Files\nodejs\node.exe C:\Users\MI PC\AppData\Roaming\npm\node_modules\firebase-tools\lib\bin\firebase.js init hosting
[debug] [2025-07-18T00:31:58.103Z] CLI Version:   14.9.0
[debug] [2025-07-18T00:31:58.103Z] Platform:      win32
[debug] [2025-07-18T00:31:58.103Z] Node Version:  v22.16.0
[debug] [2025-07-18T00:31:58.103Z] Time:          Thu Jul 17 2025 21:31:58 GMT-0300 (hora estándar de Argentina)
[debug] [2025-07-18T00:31:58.104Z] ----------------------------------------------------------------------
[debug] 
[debug] [2025-07-18T00:31:58.111Z] > command requires scopes: ["email","openid","https://www.googleapis.com/auth/cloudplatformprojects.readonly","https://www.googleapis.com/auth/firebase","https://www.googleapis.com/auth/cloud-platform"]
[debug] [2025-07-18T00:31:58.112Z] > authorizing via signed-in user (lukitabustamante16@gmail.com)
[info] 
     ######## #### ########  ######## ########     ###     ######  ########
     ##        ##  ##     ## ##       ##     ##  ##   ##  ##       ##
     ######    ##  ########  ######   ########  #########  ######  ######
     ##        ##  ##    ##  ##       ##     ## ##     ##       ## ##
     ##       #### ##     ## ######## ########  ##     ##  ######  ########

You're about to initialize a Firebase project in this directory:

  C:\Users\MI PC\Downloads\caba_encuestas_pwa

[info] 
=== Project Setup
[info] 
[info] First, let's associate this project directory with a Firebase project.
[info] You can create multiple project aliases by running firebase use --add, 
[info] but for now we'll just set up a default project.
[info] 
[debug] [2025-07-18T00:32:17.831Z] Checked if tokens are valid: false, expires at: 1752799600413
[debug] [2025-07-18T00:32:17.832Z] Checked if tokens are valid: false, expires at: 1752799600413
[debug] [2025-07-18T00:32:17.832Z] > refreshing access token with scopes: []
[debug] [2025-07-18T00:32:17.833Z] >>> [apiv2][query] POST https://www.googleapis.com/oauth2/v3/token [none]
[debug] [2025-07-18T00:32:17.834Z] >>> [apiv2][body] POST https://www.googleapis.com/oauth2/v3/token [omitted]
[debug] [2025-07-18T00:32:18.080Z] <<< [apiv2][status] POST https://www.googleapis.com/oauth2/v3/token 200
[debug] [2025-07-18T00:32:18.080Z] <<< [apiv2][body] POST https://www.googleapis.com/oauth2/v3/token [omitted]
[debug] [2025-07-18T00:32:18.182Z] >>> [apiv2][query] GET https://firebase.googleapis.com/v1beta1/projects pageSize=100
[debug] [2025-07-18T00:32:18.831Z] <<< [apiv2][status] GET https://firebase.googleapis.com/v1beta1/projects 200
[debug] [2025-07-18T00:32:18.831Z] <<< [apiv2][body] GET https://firebase.googleapis.com/v1beta1/projects [omitted]
[info] i  Using project caba-encuestas-pwa (CABA-ENCUESTAS-PWA) 
[info] 
=== Hosting Setup
[debug] [2025-07-18T00:32:21.230Z] Checked if tokens are valid: true, expires at: 1752802337081
[debug] [2025-07-18T00:32:21.231Z] Checked if tokens are valid: true, expires at: 1752802337081
[debug] [2025-07-18T00:32:21.231Z] >>> [apiv2][query] GET https://firebase.googleapis.com/v1beta1/projects/caba-encuestas-pwa [none]
[debug] [2025-07-18T00:32:21.519Z] <<< [apiv2][status] GET https://firebase.googleapis.com/v1beta1/projects/caba-encuestas-pwa 200
[debug] [2025-07-18T00:32:21.519Z] <<< [apiv2][body] GET https://firebase.googleapis.com/v1beta1/projects/caba-encuestas-pwa {"projectId":"caba-encuestas-pwa","projectNumber":"627050396363","displayName":"CABA-ENCUESTAS-PWA","name":"projects/caba-encuestas-pwa","resources":{"hostingSite":"caba-encuestas-pwa"},"state":"ACTIVE","etag":"1_7d1874d0-2371-428e-8016-3abab2ff3b43"}
[info] 
[info] Your public directory is the folder (relative to your project directory) that
[info] will contain Hosting assets to be uploaded with firebase deploy. If you
[info] have a build process for your assets, use your build's output directory.
[info] 
